<?xml version="1.0" encoding="UTF-8"?>
<testng-results skipped="0" failed="0" total="1" passed="1">
  <reporter-output>
  </reporter-output>
  <suite name="Default suite" duration-ms="44" started-at="2016-07-04T11:17:30Z" finished-at="2016-07-04T11:17:30Z">
    <groups>
    </groups>
    <test name="Default test" duration-ms="44" started-at="2016-07-04T11:17:30Z" finished-at="2016-07-04T11:17:30Z">
      <class name="com.Testutube.TTest.com.Testutube.TTest.TGIT.AppTest">
        <test-method status="PASS" signature="testApp()[pri:0, instance:com.Testutube.TTest.com.Testutube.TTest.TGIT.AppTest@1810399e]" name="testApp" duration-ms="21" started-at="2016-07-04T16:47:30Z" finished-at="2016-07-04T16:47:30Z">
          <reporter-output>
          </reporter-output>
        </test-method> <!-- testApp -->
      </class> <!-- com.Testutube.TTest.com.Testutube.TTest.TGIT.AppTest -->
    </test> <!-- Default test -->
  </suite> <!-- Default suite -->
</testng-results>
