<?xml version="1.0" encoding="UTF-8"?>
<!-- Generated by org.testng.reporters.JUnitXMLReporter -->
<testsuite hostname="Tanmoys-Mac-mini.local" name="Default test" tests="4" failures="0" timestamp="5 Jul 2016 12:04:39 GMT" time="45.094" errors="0">
  <testcase name="Login" time="16.68" classname="com.Testutube.TTest.com.Testutube.TTest.TGIT.BaseClassTest"/>
  <testcase name="AppTesting" time="0.003" classname="com.Testutube.TTest.com.Testutube.TTest.TGIT.AppTest"/>
  <testcase name="assertTest" time="0.053" classname="com.Testutube.TTest.com.Testutube.TTest.TGIT.AppTest"/>
  <testcase name="TestApp" time="0.002" classname="com.Testutube.TTest.com.Testutube.TTest.TGIT.App"/>
</testsuite> <!-- Default test -->
