<?xml version="1.0" encoding="UTF-8"?>
<!-- Generated by org.testng.reporters.JUnitXMLReporter -->
<testsuite hostname="Tanmoys-Mac-mini.local" name="Default test" tests="3" failures="0" timestamp="5 Jul 2016 05:58:47 GMT" time="0.059" errors="0">
  <testcase name="AppTesting" time="0.02" classname="com.Testutube.TTest.com.Testutube.TTest.TGIT.AppTest"/>
  <testcase name="assertTest" time="0.004" classname="com.Testutube.TTest.com.Testutube.TTest.TGIT.AppTest"/>
  <testcase name="TestApp" time="0.002" classname="com.Testutube.TTest.com.Testutube.TTest.TGIT.App"/>
</testsuite> <!-- Default test -->
